<?xml version="1.0" encoding="UTF-8"?>
<!-- Generated by org.testng.reporters.JUnitReportReporter -->
<testsuite hostname="DESKTOP-N4O58AT" failures="0" tests="1" name="data.CreatUser" time="7.467" errors="0" timestamp="14 Jul 2024 13:32:39 GMT" skipped="0">
  <testcase classname="data.CreatUser" name="UserCanRegister" time="7.467"/>
</testsuite> <!-- data.CreatUser -->
