<?xml version="1.0" encoding="UTF-8"?>
<!-- Generated by org.testng.reporters.JUnitReportReporter -->
<testsuite hostname="DESKTOP-N4O58AT" failures="0" tests="1" name="tests.TestUserRegistration" time="5.999" errors="0" timestamp="13 Jul 2024 00:37:21 GMT" skipped="0">
  <testcase classname="tests.TestUserRegistration" name="UserCanRegister" time="5.999"/>
</testsuite> <!-- tests.TestUserRegistration -->
