<?xml version="1.0" encoding="UTF-8"?>
<!-- Generated by org.testng.reporters.JUnitReportReporter -->
<testsuite hostname="DESKTOP-N4O58AT" failures="0" tests="4" name="data.TestPlaceOrderWithCheckout" time="48.785" errors="0" timestamp="14 Jul 2024 13:48:53 GMT" skipped="0">
  <testcase classname="data.TestPlaceOrderWithCheckout" name="UserRegistration" time="11.697"/>
  <testcase classname="data.TestPlaceOrderWithCheckout" name="chooseTheProduct" time="4.626"/>
  <testcase classname="data.TestPlaceOrderWithCheckout" name="addToComparelist" time="12.342"/>
  <testcase classname="data.TestPlaceOrderWithCheckout" name="proceedAndFillCheckout" time="20.120"/>
</testsuite> <!-- data.TestPlaceOrderWithCheckout -->
