<?xml version="1.0" encoding="UTF-8"?>
<!-- Generated by org.testng.reporters.JUnitReportReporter -->
<testsuite hostname="DESKTOP-N4O58AT" failures="0" tests="1" name="tests.CreatNewAccount" time="8.593" errors="0" timestamp="14 Jul 2024 22:10:36 GMT" skipped="0">
  <testcase classname="tests.CreatNewAccount" name="UserCanRegister" time="8.593"/>
</testsuite> <!-- tests.CreatNewAccount -->
