<?xml version="1.0" encoding="UTF-8"?>
<!-- Generated by org.testng.reporters.JUnitReportReporter -->
<testsuite hostname="DESKTOP-N4O58AT" failures="0" tests="4" name="tests.TestPlaceOrderWithCheckout" time="47.414" errors="0" timestamp="14 Jul 2024 22:11:55 GMT" skipped="0">
  <testcase classname="tests.TestPlaceOrderWithCheckout" name="UserRegistration" time="10.172"/>
  <testcase classname="tests.TestPlaceOrderWithCheckout" name="chooseTheProduct" time="4.273"/>
  <testcase classname="tests.TestPlaceOrderWithCheckout" name="addToComparelist" time="11.074"/>
  <testcase classname="tests.TestPlaceOrderWithCheckout" name="proceedAndFillCheckout" time="21.895"/>
</testsuite> <!-- tests.TestPlaceOrderWithCheckout -->
